[2026-05-29 15:31:34] ERROR [db_exploration:db_connector.py:31] - SQL Server connection failed: (pymssql.exceptions.OperationalError) (20009, b'DB-Lib error message 20009, severity 9:\nUnable to connect: Adaptive Server is unavailable or does not exist (db52715.databaseasp.net)\nNet-Lib error during Unknown error (10060)\nDB-Lib error message 20009, severity 9:\nUnable to connect: Adaptive Server is unavailable or does not exist (db52715.databaseasp.net)\nNet-Lib error during Unknown error (10060)\n')
(Background on this error at: https://sqlalche.me/e/20/e3q8)
[2026-05-29 15:31:34] WARNING [db_exploration:schema_inspector.py:28] - SchemaInspector initialized in OFFLINE mode.
[2026-05-29 15:34:58] WARNING [db_exploration:schema_inspector.py:37] - Offline: Cannot retrieve tables from SQL database. Suggesting local files.
[2026-05-29 15:36:53] ERROR [db_exploration:db_connector.py:31] - SQL Server connection failed: (pymssql.exceptions.OperationalError) (20009, b'DB-Lib error message 20009, severity 9:\nUnable to connect: Adaptive Server is unavailable or does not exist (db52715.databaseasp.net)\nNet-Lib error during Unknown error (10060)\nDB-Lib error message 20009, severity 9:\nUnable to connect: Adaptive Server is unavailable or does not exist (db52715.databaseasp.net)\nNet-Lib error during Unknown error (10060)\n')
(Background on this error at: https://sqlalche.me/e/20/e3q8)
[2026-05-29 15:36:53] WARNING [db_exploration:schema_inspector.py:28] - SchemaInspector initialized in OFFLINE mode.
[2026-05-29 17:33:10] ERROR [db_exploration:db_connector.py:31] - SQL Server connection failed: (pymssql.exceptions.OperationalError) (20009, b'DB-Lib error message 20009, severity 9:\nUnable to connect: Adaptive Server is unavailable or does not exist (db52715.databaseasp.net)\nNet-Lib error during Unknown error (10060)\nDB-Lib error message 20009, severity 9:\nUnable to connect: Adaptive Server is unavailable or does not exist (db52715.databaseasp.net)\nNet-Lib error during Unknown error (10060)\n')
(Background on this error at: https://sqlalche.me/e/20/e3q8)
[2026-05-29 17:33:10] WARNING [db_exploration:schema_inspector.py:28] - SchemaInspector initialized in OFFLINE mode.
[2026-05-29 17:34:22] ERROR [db_exploration:db_connector.py:31] - SQL Server connection failed: (pymssql.exceptions.OperationalError) (20009, b'DB-Lib error message 20009, severity 9:\nUnable to connect: Adaptive Server is unavailable or does not exist (db52715.databaseasp.net)\nNet-Lib error during Unknown error (10060)\nDB-Lib error message 20009, severity 9:\nUnable to connect: Adaptive Server is unavailable or does not exist (db52715.databaseasp.net)\nNet-Lib error during Unknown error (10060)\n')
(Background on this error at: https://sqlalche.me/e/20/e3q8)
[2026-05-29 17:34:22] WARNING [db_exploration:schema_inspector.py:28] - SchemaInspector initialized in OFFLINE mode.
[2026-05-29 17:36:14] ERROR [db_exploration:db_connector.py:31] - SQL Server connection failed: (pymssql.exceptions.OperationalError) (20009, b'DB-Lib error message 20009, severity 9:\nUnable to connect: Adaptive Server is unavailable or does not exist (db52715.databaseasp.net)\nNet-Lib error during Unknown error (10060)\nDB-Lib error message 20009, severity 9:\nUnable to connect: Adaptive Server is unavailable or does not exist (db52715.databaseasp.net)\nNet-Lib error during Unknown error (10060)\n')
(Background on this error at: https://sqlalche.me/e/20/e3q8)
[2026-05-29 17:36:14] WARNING [db_exploration:schema_inspector.py:28] - SchemaInspector initialized in OFFLINE mode.
[2026-05-29 17:55:10] ERROR [db_exploration:db_connector.py:31] - SQL Server connection failed: (pymssql.exceptions.OperationalError) (20009, b'DB-Lib error message 20009, severity 9:\nUnable to connect: Adaptive Server is unavailable or does not exist (db52715.databaseasp.net)\nNet-Lib error during Unknown error (10060)\nDB-Lib error message 20009, severity 9:\nUnable to connect: Adaptive Server is unavailable or does not exist (db52715.databaseasp.net)\nNet-Lib error during Unknown error (10060)\n')
(Background on this error at: https://sqlalche.me/e/20/e3q8)
[2026-05-29 17:55:10] WARNING [db_exploration:schema_inspector.py:28] - SchemaInspector initialized in OFFLINE mode.
[2026-05-29 18:02:48] ERROR [db_exploration:db_connector.py:31] - SQL Server connection failed: (pymssql.exceptions.OperationalError) (20009, b'DB-Lib error message 20009, severity 9:\nUnable to connect: Adaptive Server is unavailable or does not exist (db52715.databaseasp.net)\nNet-Lib error during Unknown error (10060)\nDB-Lib error message 20009, severity 9:\nUnable to connect: Adaptive Server is unavailable or does not exist (db52715.databaseasp.net)\nNet-Lib error during Unknown error (10060)\n')
(Background on this error at: https://sqlalche.me/e/20/e3q8)
[2026-05-29 18:02:48] WARNING [db_exploration:schema_inspector.py:28] - SchemaInspector initialized in OFFLINE mode.
[2026-05-29 18:03:44] ERROR [db_exploration:db_connector.py:31] - SQL Server connection failed: (pymssql.exceptions.OperationalError) (20009, b'DB-Lib error message 20009, severity 9:\nUnable to connect: Adaptive Server is unavailable or does not exist (db52715.databaseasp.net)\nNet-Lib error during Unknown error (10060)\nDB-Lib error message 20009, severity 9:\nUnable to connect: Adaptive Server is unavailable or does not exist (db52715.databaseasp.net)\nNet-Lib error during Unknown error (10060)\n')
(Background on this error at: https://sqlalche.me/e/20/e3q8)
[2026-05-29 18:03:44] WARNING [db_exploration:schema_inspector.py:28] - SchemaInspector initialized in OFFLINE mode.
[2026-05-29 18:07:43] INFO [db_exploration:schema_inspector.py:41] - Retrieved 51 tables from database: ['__EFMigrationsHistory', 'Address', 'ArticleBookmarks', 'AspNetRoleClaims', 'AspNetRoles', 'AspNetUserClaims', 'AspNetUserLogins', 'AspNetUserRoles', 'AspNetUsers', 'AspNetUserTokens', 'AutoBlockLogs', 'BoProductionRequestItems', 'BoProductionRequests', 'BoProductionRequestStatusHistories', 'BusinessOwnerPaymentInfos', 'BusinessOwnerProfile', 'Categories', 'ChatHistory', 'Complaints', 'CustomerCartItems', 'CustomerCarts', 'CustomerOrderItems', 'CustomerOrders', 'CustomerWishlistItems', 'CustomerWishlists', 'FAQs', 'KnowledgeArticles', 'LoginHistories', 'MaterialBasketItems', 'MaterialBaskets', 'MaterialOrderItems', 'MaterialOrders', 'NotificationPreferences', 'Notifications', 'OnboardingProgress', 'OrderStatusHistories', 'OtpCodes', 'PayoutRequests', 'ProductImages', 'ProductReviews', 'Products', 'RawMaterials', 'RefreshTokens', 'ReviewPhotos', 'Suppliers', 'SupportTickets', 'TicketAttachments', 'TicketMessages', 'Transactions', 'UserActionLogs', 'UserPreferences']
