[2026-05-29 13:35:50] INFO [db_exploration:generate_notebooks.py:399] - Successfully generated 7 pre-filled Jupyter notebooks in notebooks/ directory.
[2026-05-29 13:36:11] INFO [db_exploration:list_all_tables.py:14] - Executing list_all_tables.py...
[2026-05-29 13:36:11] WARNING [db_exploration:db_connector.py:16] - Main SQLAlchemy database engine is not initialized.
[2026-05-29 13:36:11] WARNING [db_exploration:db_connector.py:16] - Main SQLAlchemy database engine is not initialized.
[2026-05-29 13:36:11] WARNING [db_exploration:schema_inspector.py:28] - SchemaInspector initialized in OFFLINE mode.
[2026-05-29 13:36:11] WARNING [db_exploration:list_all_tables.py:29] - Database offline. Listing local JSON fallback tables.
[2026-05-29 13:36:11] INFO [db_exploration:list_all_tables.py:49] - Successfully generated tables report at: D:\Learn\Faculity\GraduationProject\AI_Repo\recommendation_system\final_production\database_exploration\reports\all_tables_report.json
[2026-05-29 13:36:32] INFO [db_exploration:list_all_tables.py:14] - Executing list_all_tables.py...
[2026-05-29 13:36:54] ERROR [db_exploration:db_connector.py:31] - SQL Server connection failed: (pymssql.exceptions.OperationalError) (20009, b'DB-Lib error message 20009, severity 9:\nUnable to connect: Adaptive Server is unavailable or does not exist (db52715.databaseasp.net)\nNet-Lib error during Unknown error (10060)\nDB-Lib error message 20009, severity 9:\nUnable to connect: Adaptive Server is unavailable or does not exist (db52715.databaseasp.net)\nNet-Lib error during Unknown error (10060)\n')
(Background on this error at: https://sqlalche.me/e/20/e3q8)
[2026-05-29 13:36:54] WARNING [db_exploration:schema_inspector.py:28] - SchemaInspector initialized in OFFLINE mode.
[2026-05-29 13:36:54] WARNING [db_exploration:list_all_tables.py:29] - Database offline. Listing local JSON fallback tables.
[2026-05-29 13:36:54] INFO [db_exploration:list_all_tables.py:49] - Successfully generated tables report at: D:\Learn\Faculity\GraduationProject\AI_Repo\recommendation_system\final_production\database_exploration\reports\all_tables_report.json
[2026-05-29 15:23:28] INFO [db_exploration:list_all_tables.py:14] - Executing list_all_tables.py...
[2026-05-29 15:23:49] ERROR [db_exploration:db_connector.py:31] - SQL Server connection failed: (pymssql.exceptions.OperationalError) (20009, b'DB-Lib error message 20009, severity 9:\nUnable to connect: Adaptive Server is unavailable or does not exist (db52715.databaseasp.net)\nNet-Lib error during Unknown error (10060)\nDB-Lib error message 20009, severity 9:\nUnable to connect: Adaptive Server is unavailable or does not exist (db52715.databaseasp.net)\nNet-Lib error during Unknown error (10060)\n')
(Background on this error at: https://sqlalche.me/e/20/e3q8)
[2026-05-29 15:23:49] WARNING [db_exploration:schema_inspector.py:28] - SchemaInspector initialized in OFFLINE mode.
[2026-05-29 15:23:49] WARNING [db_exploration:list_all_tables.py:29] - Database offline. Listing local JSON fallback tables.
[2026-05-29 15:23:49] INFO [db_exploration:list_all_tables.py:49] - Successfully generated tables report at: D:\Learn\Faculity\GraduationProject\AI_Repo\recommendation_system\final_production\database_exploration\reports\all_tables_report.json
[2026-05-29 15:35:14] INFO [db_exploration:generate_notebooks.py:391] - Successfully generated 7 bulletproof Jupyter notebooks in notebooks/ directory.
[2026-05-29 17:40:28] INFO [db_exploration:list_all_tables.py:14] - Executing list_all_tables.py...
[2026-05-29 17:40:32] INFO [db_exploration:schema_inspector.py:41] - Retrieved 51 tables from database: ['__EFMigrationsHistory', 'Address', 'ArticleBookmarks', 'AspNetRoleClaims', 'AspNetRoles', 'AspNetUserClaims', 'AspNetUserLogins', 'AspNetUserRoles', 'AspNetUsers', 'AspNetUserTokens', 'AutoBlockLogs', 'BoProductionRequestItems', 'BoProductionRequests', 'BoProductionRequestStatusHistories', 'BusinessOwnerPaymentInfos', 'BusinessOwnerProfile', 'Categories', 'ChatHistory', 'Complaints', 'CustomerCartItems', 'CustomerCarts', 'CustomerOrderItems', 'CustomerOrders', 'CustomerWishlistItems', 'CustomerWishlists', 'FAQs', 'KnowledgeArticles', 'LoginHistories', 'MaterialBasketItems', 'MaterialBaskets', 'MaterialOrderItems', 'MaterialOrders', 'NotificationPreferences', 'Notifications', 'OnboardingProgress', 'OrderStatusHistories', 'OtpCodes', 'PayoutRequests', 'ProductImages', 'ProductReviews', 'Products', 'RawMaterials', 'RefreshTokens', 'ReviewPhotos', 'Suppliers', 'SupportTickets', 'TicketAttachments', 'TicketMessages', 'Transactions', 'UserActionLogs', 'UserPreferences']
[2026-05-29 17:40:32] INFO [db_exploration:list_all_tables.py:49] - Successfully generated tables report at: D:\Learn\Faculity\GraduationProject\AI_Repo\recommendation_system\final_production\database_exploration\reports\all_tables_report.json
[2026-05-29 18:33:47] INFO [db_exploration:generate_notebooks.py:399] - Successfully generated 7 bulletproof Jupyter notebooks in organized subfolders.
[2026-05-29 18:44:11] WARNING [db_exploration:db_connector.py:16] - Main SQLAlchemy database engine is not initialized.
[2026-05-29 18:44:11] WARNING [db_exploration:db_connector.py:16] - Main SQLAlchemy database engine is not initialized.
[2026-05-29 18:44:11] WARNING [db_exploration:schema_inspector.py:28] - SchemaInspector initialized in OFFLINE mode.
[2026-05-29 18:44:11] WARNING [db_exploration:inspect_table_schema.py:89] - Table 'AspNetUsers' not defined in fallback schemas and DB is offline.
[2026-05-29 18:44:11] INFO [db_exploration:inspect_table_schema.py:132] - Wrote schema report for 'AspNetUsers' to D:\Learn\Faculity\GraduationProject\AI_Repo\recommendation_system\final_production\database_exploration\reports\schema_AspNetUsers.json
[2026-05-29 18:44:24] INFO [db_exploration:inspect_table_schema.py:75] - Reflecting table 'AspNetUsers' from SQL database...
[2026-05-29 18:44:27] INFO [db_exploration:inspect_table_schema.py:132] - Wrote schema report for 'AspNetUsers' to D:\Learn\Faculity\GraduationProject\AI_Repo\recommendation_system\final_production\database_exploration\reports\schema_AspNetUsers.json
[2026-05-29 18:44:52] INFO [db_exploration:inspect_table_schema.py:75] - Reflecting table 'BusinessOwnerProfile' from SQL database...
[2026-05-29 18:44:55] INFO [db_exploration:inspect_table_schema.py:132] - Wrote schema report for 'BusinessOwnerProfile' to D:\Learn\Faculity\GraduationProject\AI_Repo\recommendation_system\final_production\database_exploration\reports\schema_BusinessOwnerProfile.json
[2026-05-31 18:30:50] INFO [db_exploration:inspect_table_schema.py:75] - Reflecting table 'Products' from SQL database...
[2026-05-31 18:30:53] INFO [db_exploration:inspect_table_schema.py:132] - Wrote schema report for 'Products' to D:\Learn\Faculity\GraduationProject\AI_Repo\recommendation_system\final_production\database_exploration\reports\schema_Products.json
[2026-05-31 18:32:41] INFO [db_exploration:inspect_table_schema.py:75] - Reflecting table 'RawMaterials' from SQL database...
[2026-05-31 18:32:44] INFO [db_exploration:inspect_table_schema.py:132] - Wrote schema report for 'RawMaterials' to D:\Learn\Faculity\GraduationProject\AI_Repo\recommendation_system\final_production\database_exploration\reports\schema_RawMaterials.json
